<?xml version="1.0" encoding="UTF-8"?>
<!-- Generated by org.testng.reporters.JUnitReportReporter -->
<testsuite hostname="DESKTOP-KR7E8UK" failures="0" tests="2" name="testingSelenium.MultipleBrowserTest" time="30.458" errors="0" timestamp="2023-06-27T12:14:10 EDT" skipped="0">
  <testcase classname="testingSelenium.MultipleBrowserTest" name="multipleBrowser" time="14.734"/>
  <system-out/>
  <testcase classname="testingSelenium.MultipleBrowserTest" name="multipleBrowser" time="15.724"/>
  <system-out/>
</testsuite> <!-- testingSelenium.MultipleBrowserTest -->
